Arguments: 
  C:\Program Files\nodejs\node.exe C:\Program Files (x86)\Yarn\bin\yarn.js add mongodb

PATH: 
  C:\Users\Niel\bin;C:\Program Files\Git\mingw64\bin;C:\Program Files\Git\usr\local\bin;C:\Program Files\Git\usr\bin;C:\Program Files\Git\usr\bin;C:\Program Files\Git\mingw64\bin;C:\Program Files\Git\usr\bin;C:\Users\Niel\bin;C:\Python313\Scripts;C:\Python313;C:\Program Files (x86)\VMware\VMware Workstation\bin;C:\WINDOWS\system32;C:\WINDOWS;C:\WINDOWS\System32\Wbem;C:\WINDOWS\System32\WindowsPowerShell\v1.0;C:\WINDOWS\System32\OpenSSH;C:\Program Files\Go\bin;C:\Program Files\PuTTY;C:\Program Files\NVIDIA Corporation\NVIDIA app\NvDLISR;C:\Program Files (x86)\NVIDIA Corporation\PhysX\Common;C:\Program Files\dotnet;C:\ProgramData\chocolatey\bin;C:\Program Files\Git\cmd;C:\Program Files (x86)\Yarn\bin;C:\Users\Niel\AppData\Local\nvm;C:\nvm4w\nodejs;C:\Program Files\nodejs;C:\Program Files\Docker\Docker\resources\bin;C:\Users\Niel\AppData\Local\Programs\Python\Python313\Scripts;C:\Users\Niel\AppData\Local\Programs\Python\Python313;C:\Users\Niel\AppData\Local\Programs\Python\Launcher;C:\Users\Niel\AppData\Local\Microsoft\WindowsApps;D:\Microsoft VS Code\bin;C:\Users\Niel\go\bin;C:\Users\Niel\AppData\Local\Yarn\bin;C:\Users\Niel\AppData\Local\nvm;C:\nvm4w\nodejs;C:\Users\Niel\AppData\Roaming\npm;C:\Program Files\Git\usr\bin\vendor_perl;C:\Program Files\Git\usr\bin\core_perl

Yarn version: 
  1.3.2

Node version: 
  22.16.0

Platform: 
  win32 x64

npm manifest: 
  {
    "name": "api",
    "version": "1.0.0",
    "description": "",
    "main": "index.js",
    "scripts": {
      "start": "node server.js",
      "test": "echo \"Error: no test specified\" && exit 1",
      "dev": "npx tsx watch src/server.ts",
      "build": "tsc && prisma generate"
    },
    "keywords": [],
    "author": "",
    "license": "ISC",
    "type": "commonjs",
    "dependencies": {
      "@fastify/static": "^8.2.0",
      "@prisma/client": "^6.11.1",
      "dotenv": "^17.2.0",
      "fastify": "^5.4.0",
      "zod": "^4.0.5"
    },
    "devDependencies": {
      "@biomejs/biome": "2.1.1",
      "@types/node": "^24.0.13",
      "prisma": "^6.12.0",
      "tsx": "^4.20.3",
      "typescript": "^5.8.3"
    }
  }

yarn manifest: 
  No manifest

Lockfile: 
  # THIS IS AN AUTOGENERATED FILE. DO NOT EDIT THIS FILE DIRECTLY.
  # yarn lockfile v1
  
  
  "@biomejs/biome@2.1.1":
    version "2.1.1"
    resolved "https://registry.npmjs.org/@biomejs/biome/-/biome-2.1.1.tgz"
    optionalDependencies:
      "@biomejs/cli-darwin-arm64" "2.1.1"
      "@biomejs/cli-darwin-x64" "2.1.1"
      "@biomejs/cli-linux-arm64" "2.1.1"
      "@biomejs/cli-linux-arm64-musl" "2.1.1"
      "@biomejs/cli-linux-x64" "2.1.1"
      "@biomejs/cli-linux-x64-musl" "2.1.1"
      "@biomejs/cli-win32-arm64" "2.1.1"
      "@biomejs/cli-win32-x64" "2.1.1"
  
  "@biomejs/cli-darwin-arm64@2.1.1":
    version "2.1.1"
    resolved "https://registry.npmjs.org/@biomejs/cli-darwin-arm64/-/cli-darwin-arm64-2.1.1.tgz"
  
  "@biomejs/cli-darwin-x64@2.1.1":
    version "2.1.1"
    resolved "https://registry.npmjs.org/@biomejs/cli-darwin-x64/-/cli-darwin-x64-2.1.1.tgz"
  
  "@biomejs/cli-linux-arm64-musl@2.1.1":
    version "2.1.1"
    resolved "https://registry.npmjs.org/@biomejs/cli-linux-arm64-musl/-/cli-linux-arm64-musl-2.1.1.tgz"
  
  "@biomejs/cli-linux-arm64@2.1.1":
    version "2.1.1"
    resolved "https://registry.npmjs.org/@biomejs/cli-linux-arm64/-/cli-linux-arm64-2.1.1.tgz"
  
  "@biomejs/cli-linux-x64-musl@2.1.1":
    version "2.1.1"
    resolved "https://registry.npmjs.org/@biomejs/cli-linux-x64-musl/-/cli-linux-x64-musl-2.1.1.tgz"
  
  "@biomejs/cli-linux-x64@2.1.1":
    version "2.1.1"
    resolved "https://registry.npmjs.org/@biomejs/cli-linux-x64/-/cli-linux-x64-2.1.1.tgz"
  
  "@biomejs/cli-win32-arm64@2.1.1":
    version "2.1.1"
    resolved "https://registry.npmjs.org/@biomejs/cli-win32-arm64/-/cli-win32-arm64-2.1.1.tgz"
  
  "@biomejs/cli-win32-x64@2.1.1":
    version "2.1.1"
    resolved "https://registry.npmjs.org/@biomejs/cli-win32-x64/-/cli-win32-x64-2.1.1.tgz"
  
  "@esbuild/aix-ppc64@0.25.6":
    version "0.25.6"
    resolved "https://registry.npmjs.org/@esbuild/aix-ppc64/-/aix-ppc64-0.25.6.tgz"
  
  "@esbuild/android-arm64@0.25.6":
    version "0.25.6"
    resolved "https://registry.npmjs.org/@esbuild/android-arm64/-/android-arm64-0.25.6.tgz"
  
  "@esbuild/android-arm@0.25.6":
    version "0.25.6"
    resolved "https://registry.npmjs.org/@esbuild/android-arm/-/android-arm-0.25.6.tgz"
  
  "@esbuild/android-x64@0.25.6":
    version "0.25.6"
    resolved "https://registry.npmjs.org/@esbuild/android-x64/-/android-x64-0.25.6.tgz"
  
  "@esbuild/darwin-arm64@0.25.6":
    version "0.25.6"
    resolved "https://registry.npmjs.org/@esbuild/darwin-arm64/-/darwin-arm64-0.25.6.tgz"
  
  "@esbuild/darwin-x64@0.25.6":
    version "0.25.6"
    resolved "https://registry.npmjs.org/@esbuild/darwin-x64/-/darwin-x64-0.25.6.tgz"
  
  "@esbuild/freebsd-arm64@0.25.6":
    version "0.25.6"
    resolved "https://registry.npmjs.org/@esbuild/freebsd-arm64/-/freebsd-arm64-0.25.6.tgz"
  
  "@esbuild/freebsd-x64@0.25.6":
    version "0.25.6"
    resolved "https://registry.npmjs.org/@esbuild/freebsd-x64/-/freebsd-x64-0.25.6.tgz"
  
  "@esbuild/linux-arm64@0.25.6":
    version "0.25.6"
    resolved "https://registry.npmjs.org/@esbuild/linux-arm64/-/linux-arm64-0.25.6.tgz"
  
  "@esbuild/linux-arm@0.25.6":
    version "0.25.6"
    resolved "https://registry.npmjs.org/@esbuild/linux-arm/-/linux-arm-0.25.6.tgz"
  
  "@esbuild/linux-ia32@0.25.6":
    version "0.25.6"
    resolved "https://registry.npmjs.org/@esbuild/linux-ia32/-/linux-ia32-0.25.6.tgz"
  
  "@esbuild/linux-loong64@0.25.6":
    version "0.25.6"
    resolved "https://registry.npmjs.org/@esbuild/linux-loong64/-/linux-loong64-0.25.6.tgz"
  
  "@esbuild/linux-mips64el@0.25.6":
    version "0.25.6"
    resolved "https://registry.npmjs.org/@esbuild/linux-mips64el/-/linux-mips64el-0.25.6.tgz"
  
  "@esbuild/linux-ppc64@0.25.6":
    version "0.25.6"
    resolved "https://registry.npmjs.org/@esbuild/linux-ppc64/-/linux-ppc64-0.25.6.tgz"
  
  "@esbuild/linux-riscv64@0.25.6":
    version "0.25.6"
    resolved "https://registry.npmjs.org/@esbuild/linux-riscv64/-/linux-riscv64-0.25.6.tgz"
  
  "@esbuild/linux-s390x@0.25.6":
    version "0.25.6"
    resolved "https://registry.npmjs.org/@esbuild/linux-s390x/-/linux-s390x-0.25.6.tgz"
  
  "@esbuild/linux-x64@0.25.6":
    version "0.25.6"
    resolved "https://registry.npmjs.org/@esbuild/linux-x64/-/linux-x64-0.25.6.tgz"
  
  "@esbuild/netbsd-arm64@0.25.6":
    version "0.25.6"
    resolved "https://registry.npmjs.org/@esbuild/netbsd-arm64/-/netbsd-arm64-0.25.6.tgz"
  
  "@esbuild/netbsd-x64@0.25.6":
    version "0.25.6"
    resolved "https://registry.npmjs.org/@esbuild/netbsd-x64/-/netbsd-x64-0.25.6.tgz"
  
  "@esbuild/openbsd-arm64@0.25.6":
    version "0.25.6"
    resolved "https://registry.npmjs.org/@esbuild/openbsd-arm64/-/openbsd-arm64-0.25.6.tgz"
  
  "@esbuild/openbsd-x64@0.25.6":
    version "0.25.6"
    resolved "https://registry.npmjs.org/@esbuild/openbsd-x64/-/openbsd-x64-0.25.6.tgz"
  
  "@esbuild/openharmony-arm64@0.25.6":
    version "0.25.6"
    resolved "https://registry.npmjs.org/@esbuild/openharmony-arm64/-/openharmony-arm64-0.25.6.tgz"
  
  "@esbuild/sunos-x64@0.25.6":
    version "0.25.6"
    resolved "https://registry.npmjs.org/@esbuild/sunos-x64/-/sunos-x64-0.25.6.tgz"
  
  "@esbuild/win32-arm64@0.25.6":
    version "0.25.6"
    resolved "https://registry.npmjs.org/@esbuild/win32-arm64/-/win32-arm64-0.25.6.tgz"
  
  "@esbuild/win32-ia32@0.25.6":
    version "0.25.6"
    resolved "https://registry.npmjs.org/@esbuild/win32-ia32/-/win32-ia32-0.25.6.tgz"
  
  "@esbuild/win32-x64@0.25.6":
    version "0.25.6"
    resolved "https://registry.npmjs.org/@esbuild/win32-x64/-/win32-x64-0.25.6.tgz"
  
  "@fastify/accept-negotiator@^2.0.0":
    version "2.0.1"
    resolved "https://registry.yarnpkg.com/@fastify/accept-negotiator/-/accept-negotiator-2.0.1.tgz#77afd6254ba77f6c22c6f35c4fb0c1b6d005199b"
  
  "@fastify/ajv-compiler@^4.0.0":
    version "4.0.2"
    resolved "https://registry.npmjs.org/@fastify/ajv-compiler/-/ajv-compiler-4.0.2.tgz"
    dependencies:
      ajv "^8.12.0"
      ajv-formats "^3.0.1"
      fast-uri "^3.0.0"
  
  "@fastify/error@^4.0.0":
    version "4.2.0"
    resolved "https://registry.npmjs.org/@fastify/error/-/error-4.2.0.tgz"
  
  "@fastify/fast-json-stringify-compiler@^5.0.0":
    version "5.0.3"
    resolved "https://registry.npmjs.org/@fastify/fast-json-stringify-compiler/-/fast-json-stringify-compiler-5.0.3.tgz"
    dependencies:
      fast-json-stringify "^6.0.0"
  
  "@fastify/forwarded@^3.0.0":
    version "3.0.0"
    resolved "https://registry.npmjs.org/@fastify/forwarded/-/forwarded-3.0.0.tgz"
  
  "@fastify/merge-json-schemas@^0.2.0":
    version "0.2.1"
    resolved "https://registry.npmjs.org/@fastify/merge-json-schemas/-/merge-json-schemas-0.2.1.tgz"
    dependencies:
      dequal "^2.0.3"
  
  "@fastify/proxy-addr@^5.0.0":
    version "5.0.0"
    resolved "https://registry.npmjs.org/@fastify/proxy-addr/-/proxy-addr-5.0.0.tgz"
    dependencies:
      "@fastify/forwarded" "^3.0.0"
      ipaddr.js "^2.1.0"
  
  "@fastify/send@^4.0.0":
    version "4.1.0"
    resolved "https://registry.yarnpkg.com/@fastify/send/-/send-4.1.0.tgz#d9c283b86e12080c0dcc160bbc16106debf1f0d3"
    dependencies:
      "@lukeed/ms" "^2.0.2"
      escape-html "~1.0.3"
      fast-decode-uri-component "^1.0.1"
      http-errors "^2.0.0"
      mime "^3"
  
  "@fastify/static@^8.2.0":
    version "8.2.0"
    resolved "https://registry.yarnpkg.com/@fastify/static/-/static-8.2.0.tgz#5ad4878f13f415d1ee78448020a6f522ac7af595"
    dependencies:
      "@fastify/accept-negotiator" "^2.0.0"
      "@fastify/send" "^4.0.0"
      content-disposition "^0.5.4"
      fastify-plugin "^5.0.0"
      fastq "^1.17.1"
      glob "^11.0.0"
  
  "@isaacs/balanced-match@^4.0.1":
    version "4.0.1"
    resolved "https://registry.yarnpkg.com/@isaacs/balanced-match/-/balanced-match-4.0.1.tgz#3081dadbc3460661b751e7591d7faea5df39dd29"
  
  "@isaacs/brace-expansion@^5.0.0":
    version "5.0.0"
    resolved "https://registry.yarnpkg.com/@isaacs/brace-expansion/-/brace-expansion-5.0.0.tgz#4b3dabab7d8e75a429414a96bd67bf4c1d13e0f3"
    dependencies:
      "@isaacs/balanced-match" "^4.0.1"
  
  "@isaacs/cliui@^8.0.2":
    version "8.0.2"
    resolved "https://registry.yarnpkg.com/@isaacs/cliui/-/cliui-8.0.2.tgz#b37667b7bc181c168782259bab42474fbf52b550"
    dependencies:
      string-width "^5.1.2"
      string-width-cjs "npm:string-width@^4.2.0"
      strip-ansi "^7.0.1"
      strip-ansi-cjs "npm:strip-ansi@^6.0.1"
      wrap-ansi "^8.1.0"
      wrap-ansi-cjs "npm:wrap-ansi@^7.0.0"
  
  "@lukeed/ms@^2.0.2":
    version "2.0.2"
    resolved "https://registry.yarnpkg.com/@lukeed/ms/-/ms-2.0.2.tgz#07f09e59a74c52f4d88c6db5c1054e819538e2a8"
  
  "@prisma/client@^6.11.1":
    version "6.12.0"
    resolved "https://registry.npmjs.org/@prisma/client/-/client-6.12.0.tgz"
  
  "@prisma/config@6.12.0":
    version "6.12.0"
    resolved "https://registry.npmjs.org/@prisma/config/-/config-6.12.0.tgz"
    dependencies:
      jiti "2.4.2"
  
  "@prisma/debug@6.12.0":
    version "6.12.0"
    resolved "https://registry.npmjs.org/@prisma/debug/-/debug-6.12.0.tgz"
  
  "@prisma/engines-version@6.12.0-15.8047c96bbd92db98a2abc7c9323ce77c02c89dbc":
    version "6.12.0-15.8047c96bbd92db98a2abc7c9323ce77c02c89dbc"
    resolved "https://registry.npmjs.org/@prisma/engines-version/-/engines-version-6.12.0-15.8047c96bbd92db98a2abc7c9323ce77c02c89dbc.tgz"
  
  "@prisma/engines@6.12.0":
    version "6.12.0"
    resolved "https://registry.npmjs.org/@prisma/engines/-/engines-6.12.0.tgz"
    dependencies:
      "@prisma/debug" "6.12.0"
      "@prisma/engines-version" "6.12.0-15.8047c96bbd92db98a2abc7c9323ce77c02c89dbc"
      "@prisma/fetch-engine" "6.12.0"
      "@prisma/get-platform" "6.12.0"
  
  "@prisma/fetch-engine@6.12.0":
    version "6.12.0"
    resolved "https://registry.npmjs.org/@prisma/fetch-engine/-/fetch-engine-6.12.0.tgz"
    dependencies:
      "@prisma/debug" "6.12.0"
      "@prisma/engines-version" "6.12.0-15.8047c96bbd92db98a2abc7c9323ce77c02c89dbc"
      "@prisma/get-platform" "6.12.0"
  
  "@prisma/get-platform@6.12.0":
    version "6.12.0"
    resolved "https://registry.npmjs.org/@prisma/get-platform/-/get-platform-6.12.0.tgz"
    dependencies:
      "@prisma/debug" "6.12.0"
  
  "@types/node@^24.0.13":
    version "24.0.13"
    resolved "https://registry.npmjs.org/@types/node/-/node-24.0.13.tgz"
    dependencies:
      undici-types "~7.8.0"
  
  abstract-logging@^2.0.1:
    version "2.0.1"
    resolved "https://registry.npmjs.org/abstract-logging/-/abstract-logging-2.0.1.tgz"
  
  ajv-formats@^3.0.1:
    version "3.0.1"
    resolved "https://registry.npmjs.org/ajv-formats/-/ajv-formats-3.0.1.tgz"
    dependencies:
      ajv "^8.0.0"
  
  ajv@^8.0.0, ajv@^8.12.0:
    version "8.17.1"
    resolved "https://registry.npmjs.org/ajv/-/ajv-8.17.1.tgz"
    dependencies:
      fast-deep-equal "^3.1.3"
      fast-uri "^3.0.1"
      json-schema-traverse "^1.0.0"
      require-from-string "^2.0.2"
  
  ansi-regex@^5.0.1:
    version "5.0.1"
    resolved "https://registry.yarnpkg.com/ansi-regex/-/ansi-regex-5.0.1.tgz#082cb2c89c9fe8659a311a53bd6a4dc5301db304"
  
  ansi-regex@^6.0.1:
    version "6.1.0"
    resolved "https://registry.yarnpkg.com/ansi-regex/-/ansi-regex-6.1.0.tgz#95ec409c69619d6cb1b8b34f14b660ef28ebd654"
  
  ansi-styles@^4.0.0:
    version "4.3.0"
    resolved "https://registry.yarnpkg.com/ansi-styles/-/ansi-styles-4.3.0.tgz#edd803628ae71c04c85ae7a0906edad34b648937"
    dependencies:
      color-convert "^2.0.1"
  
  ansi-styles@^6.1.0:
    version "6.2.1"
    resolved "https://registry.yarnpkg.com/ansi-styles/-/ansi-styles-6.2.1.tgz#0e62320cf99c21afff3b3012192546aacbfb05c5"
  
  atomic-sleep@^1.0.0:
    version "1.0.0"
    resolved "https://registry.npmjs.org/atomic-sleep/-/atomic-sleep-1.0.0.tgz"
  
  avvio@^9.0.0:
    version "9.1.0"
    resolved "https://registry.npmjs.org/avvio/-/avvio-9.1.0.tgz"
    dependencies:
      "@fastify/error" "^4.0.0"
      fastq "^1.17.1"
  
  color-convert@^2.0.1:
    version "2.0.1"
    resolved "https://registry.yarnpkg.com/color-convert/-/color-convert-2.0.1.tgz#72d3a68d598c9bdb3af2ad1e84f21d896abd4de3"
    dependencies:
      color-name "~1.1.4"
  
  color-name@~1.1.4:
    version "1.1.4"
    resolved "https://registry.yarnpkg.com/color-name/-/color-name-1.1.4.tgz#c2a09a87acbde69543de6f63fa3995c826c536a2"
  
  content-disposition@^0.5.4:
    version "0.5.4"
    resolved "https://registry.yarnpkg.com/content-disposition/-/content-disposition-0.5.4.tgz#8b82b4efac82512a02bb0b1dcec9d2c5e8eb5bfe"
    dependencies:
      safe-buffer "5.2.1"
  
  cookie@^1.0.1:
    version "1.0.2"
    resolved "https://registry.npmjs.org/cookie/-/cookie-1.0.2.tgz"
  
  cross-spawn@^7.0.6:
    version "7.0.6"
    resolved "https://registry.yarnpkg.com/cross-spawn/-/cross-spawn-7.0.6.tgz#8a58fe78f00dcd70c370451759dfbfaf03e8ee9f"
    dependencies:
      path-key "^3.1.0"
      shebang-command "^2.0.0"
      which "^2.0.1"
  
  depd@2.0.0:
    version "2.0.0"
    resolved "https://registry.yarnpkg.com/depd/-/depd-2.0.0.tgz#b696163cc757560d09cf22cc8fad1571b79e76df"
  
  dequal@^2.0.3:
    version "2.0.3"
    resolved "https://registry.npmjs.org/dequal/-/dequal-2.0.3.tgz"
  
  dotenv@^17.2.0:
    version "17.2.0"
    resolved "https://registry.npmjs.org/dotenv/-/dotenv-17.2.0.tgz"
  
  eastasianwidth@^0.2.0:
    version "0.2.0"
    resolved "https://registry.yarnpkg.com/eastasianwidth/-/eastasianwidth-0.2.0.tgz#696ce2ec0aa0e6ea93a397ffcf24aa7840c827cb"
  
  emoji-regex@^8.0.0:
    version "8.0.0"
    resolved "https://registry.yarnpkg.com/emoji-regex/-/emoji-regex-8.0.0.tgz#e818fd69ce5ccfcb404594f842963bf53164cc37"
  
  emoji-regex@^9.2.2:
    version "9.2.2"
    resolved "https://registry.yarnpkg.com/emoji-regex/-/emoji-regex-9.2.2.tgz#840c8803b0d8047f4ff0cf963176b32d4ef3ed72"
  
  esbuild@~0.25.0:
    version "0.25.6"
    resolved "https://registry.npmjs.org/esbuild/-/esbuild-0.25.6.tgz"
    optionalDependencies:
      "@esbuild/aix-ppc64" "0.25.6"
      "@esbuild/android-arm" "0.25.6"
      "@esbuild/android-arm64" "0.25.6"
      "@esbuild/android-x64" "0.25.6"
      "@esbuild/darwin-arm64" "0.25.6"
      "@esbuild/darwin-x64" "0.25.6"
      "@esbuild/freebsd-arm64" "0.25.6"
      "@esbuild/freebsd-x64" "0.25.6"
      "@esbuild/linux-arm" "0.25.6"
      "@esbuild/linux-arm64" "0.25.6"
      "@esbuild/linux-ia32" "0.25.6"
      "@esbuild/linux-loong64" "0.25.6"
      "@esbuild/linux-mips64el" "0.25.6"
      "@esbuild/linux-ppc64" "0.25.6"
      "@esbuild/linux-riscv64" "0.25.6"
      "@esbuild/linux-s390x" "0.25.6"
      "@esbuild/linux-x64" "0.25.6"
      "@esbuild/netbsd-arm64" "0.25.6"
      "@esbuild/netbsd-x64" "0.25.6"
      "@esbuild/openbsd-arm64" "0.25.6"
      "@esbuild/openbsd-x64" "0.25.6"
      "@esbuild/openharmony-arm64" "0.25.6"
      "@esbuild/sunos-x64" "0.25.6"
      "@esbuild/win32-arm64" "0.25.6"
      "@esbuild/win32-ia32" "0.25.6"
      "@esbuild/win32-x64" "0.25.6"
  
  escape-html@~1.0.3:
    version "1.0.3"
    resolved "https://registry.yarnpkg.com/escape-html/-/escape-html-1.0.3.tgz#0258eae4d3d0c0974de1c169188ef0051d1d1988"
  
  fast-decode-uri-component@^1.0.1:
    version "1.0.1"
    resolved "https://registry.npmjs.org/fast-decode-uri-component/-/fast-decode-uri-component-1.0.1.tgz"
  
  fast-deep-equal@^3.1.3:
    version "3.1.3"
    resolved "https://registry.npmjs.org/fast-deep-equal/-/fast-deep-equal-3.1.3.tgz"
  
  fast-json-stringify@^6.0.0:
    version "6.0.1"
    resolved "https://registry.npmjs.org/fast-json-stringify/-/fast-json-stringify-6.0.1.tgz"
    dependencies:
      "@fastify/merge-json-schemas" "^0.2.0"
      ajv "^8.12.0"
      ajv-formats "^3.0.1"
      fast-uri "^3.0.0"
      json-schema-ref-resolver "^2.0.0"
      rfdc "^1.2.0"
  
  fast-querystring@^1.0.0:
    version "1.1.2"
    resolved "https://registry.npmjs.org/fast-querystring/-/fast-querystring-1.1.2.tgz"
    dependencies:
      fast-decode-uri-component "^1.0.1"
  
  fast-redact@^3.1.1:
    version "3.5.0"
    resolved "https://registry.npmjs.org/fast-redact/-/fast-redact-3.5.0.tgz"
  
  fast-uri@^3.0.0, fast-uri@^3.0.1:
    version "3.0.6"
    resolved "https://registry.npmjs.org/fast-uri/-/fast-uri-3.0.6.tgz"
  
  fastify-plugin@^5.0.0:
    version "5.0.1"
    resolved "https://registry.yarnpkg.com/fastify-plugin/-/fastify-plugin-5.0.1.tgz#82d44e6fe34d1420bb5a4f7bee434d501e41939f"
  
  fastify@^5.4.0:
    version "5.4.0"
    resolved "https://registry.npmjs.org/fastify/-/fastify-5.4.0.tgz"
    dependencies:
      "@fastify/ajv-compiler" "^4.0.0"
      "@fastify/error" "^4.0.0"
      "@fastify/fast-json-stringify-compiler" "^5.0.0"
      "@fastify/proxy-addr" "^5.0.0"
      abstract-logging "^2.0.1"
      avvio "^9.0.0"
      fast-json-stringify "^6.0.0"
      find-my-way "^9.0.0"
      light-my-request "^6.0.0"
      pino "^9.0.0"
      process-warning "^5.0.0"
      rfdc "^1.3.1"
      secure-json-parse "^4.0.0"
      semver "^7.6.0"
      toad-cache "^3.7.0"
  
  fastq@^1.17.1:
    version "1.19.1"
    resolved "https://registry.npmjs.org/fastq/-/fastq-1.19.1.tgz"
    dependencies:
      reusify "^1.0.4"
  
  find-my-way@^9.0.0:
    version "9.3.0"
    resolved "https://registry.npmjs.org/find-my-way/-/find-my-way-9.3.0.tgz"
    dependencies:
      fast-deep-equal "^3.1.3"
      fast-querystring "^1.0.0"
      safe-regex2 "^5.0.0"
  
  foreground-child@^3.3.1:
    version "3.3.1"
    resolved "https://registry.yarnpkg.com/foreground-child/-/foreground-child-3.3.1.tgz#32e8e9ed1b68a3497befb9ac2b6adf92a638576f"
    dependencies:
      cross-spawn "^7.0.6"
      signal-exit "^4.0.1"
  
  fsevents@~2.3.3:
    version "2.3.3"
    resolved "https://registry.npmjs.org/fsevents/-/fsevents-2.3.3.tgz"
  
  get-tsconfig@^4.7.5:
    version "4.10.1"
    resolved "https://registry.npmjs.org/get-tsconfig/-/get-tsconfig-4.10.1.tgz"
    dependencies:
      resolve-pkg-maps "^1.0.0"
  
  glob@^11.0.0:
    version "11.0.3"
    resolved "https://registry.yarnpkg.com/glob/-/glob-11.0.3.tgz#9d8087e6d72ddb3c4707b1d2778f80ea3eaefcd6"
    dependencies:
      foreground-child "^3.3.1"
      jackspeak "^4.1.1"
      minimatch "^10.0.3"
      minipass "^7.1.2"
      package-json-from-dist "^1.0.0"
      path-scurry "^2.0.0"
  
  http-errors@^2.0.0:
    version "2.0.0"
    resolved "https://registry.yarnpkg.com/http-errors/-/http-errors-2.0.0.tgz#b7774a1486ef73cf7667ac9ae0858c012c57b9d3"
    dependencies:
      depd "2.0.0"
      inherits "2.0.4"
      setprototypeof "1.2.0"
      statuses "2.0.1"
      toidentifier "1.0.1"
  
  inherits@2.0.4:
    version "2.0.4"
    resolved "https://registry.yarnpkg.com/inherits/-/inherits-2.0.4.tgz#0fa2c64f932917c3433a0ded55363aae37416b7c"
  
  ipaddr.js@^2.1.0:
    version "2.2.0"
    resolved "https://registry.npmjs.org/ipaddr.js/-/ipaddr.js-2.2.0.tgz"
  
  is-fullwidth-code-point@^3.0.0:
    version "3.0.0"
    resolved "https://registry.yarnpkg.com/is-fullwidth-code-point/-/is-fullwidth-code-point-3.0.0.tgz#f116f8064fe90b3f7844a38997c0b75051269f1d"
  
  isexe@^2.0.0:
    version "2.0.0"
    resolved "https://registry.yarnpkg.com/isexe/-/isexe-2.0.0.tgz#e8fbf374dc556ff8947a10dcb0572d633f2cfa10"
  
  jackspeak@^4.1.1:
    version "4.1.1"
    resolved "https://registry.yarnpkg.com/jackspeak/-/jackspeak-4.1.1.tgz#96876030f450502047fc7e8c7fcf8ce8124e43ae"
    dependencies:
      "@isaacs/cliui" "^8.0.2"
  
  jiti@2.4.2:
    version "2.4.2"
    resolved "https://registry.npmjs.org/jiti/-/jiti-2.4.2.tgz"
  
  json-schema-ref-resolver@^2.0.0:
    version "2.0.1"
    resolved "https://registry.npmjs.org/json-schema-ref-resolver/-/json-schema-ref-resolver-2.0.1.tgz"
    dependencies:
      dequal "^2.0.3"
  
  json-schema-traverse@^1.0.0:
    version "1.0.0"
    resolved "https://registry.npmjs.org/json-schema-traverse/-/json-schema-traverse-1.0.0.tgz"
  
  light-my-request@^6.0.0:
    version "6.6.0"
    resolved "https://registry.npmjs.org/light-my-request/-/light-my-request-6.6.0.tgz"
    dependencies:
      cookie "^1.0.1"
      process-warning "^4.0.0"
      set-cookie-parser "^2.6.0"
  
  lru-cache@^11.0.0:
    version "11.1.0"
    resolved "https://registry.yarnpkg.com/lru-cache/-/lru-cache-11.1.0.tgz#afafb060607108132dbc1cf8ae661afb69486117"
  
  mime@^3:
    version "3.0.0"
    resolved "https://registry.yarnpkg.com/mime/-/mime-3.0.0.tgz#b374550dca3a0c18443b0c950a6a58f1931cf7a7"
  
  minimatch@^10.0.3:
    version "10.0.3"
    resolved "https://registry.yarnpkg.com/minimatch/-/minimatch-10.0.3.tgz#cf7a0314a16c4d9ab73a7730a0e8e3c3502d47aa"
    dependencies:
      "@isaacs/brace-expansion" "^5.0.0"
  
  minipass@^7.1.2:
    version "7.1.2"
    resolved "https://registry.yarnpkg.com/minipass/-/minipass-7.1.2.tgz#93a9626ce5e5e66bd4db86849e7515e92340a707"
  
  on-exit-leak-free@^2.1.0:
    version "2.1.2"
    resolved "https://registry.npmjs.org/on-exit-leak-free/-/on-exit-leak-free-2.1.2.tgz"
  
  package-json-from-dist@^1.0.0:
    version "1.0.1"
    resolved "https://registry.yarnpkg.com/package-json-from-dist/-/package-json-from-dist-1.0.1.tgz#4f1471a010827a86f94cfd9b0727e36d267de505"
  
  path-key@^3.1.0:
    version "3.1.1"
    resolved "https://registry.yarnpkg.com/path-key/-/path-key-3.1.1.tgz#581f6ade658cbba65a0d3380de7753295054f375"
  
  path-scurry@^2.0.0:
    version "2.0.0"
    resolved "https://registry.yarnpkg.com/path-scurry/-/path-scurry-2.0.0.tgz#9f052289f23ad8bf9397a2a0425e7b8615c58580"
    dependencies:
      lru-cache "^11.0.0"
      minipass "^7.1.2"
  
  pino-abstract-transport@^2.0.0:
    version "2.0.0"
    resolved "https://registry.npmjs.org/pino-abstract-transport/-/pino-abstract-transport-2.0.0.tgz"
    dependencies:
      split2 "^4.0.0"
  
  pino-std-serializers@^7.0.0:
    version "7.0.0"
    resolved "https://registry.npmjs.org/pino-std-serializers/-/pino-std-serializers-7.0.0.tgz"
  
  pino@^9.0.0:
    version "9.7.0"
    resolved "https://registry.npmjs.org/pino/-/pino-9.7.0.tgz"
    dependencies:
      atomic-sleep "^1.0.0"
      fast-redact "^3.1.1"
      on-exit-leak-free "^2.1.0"
      pino-abstract-transport "^2.0.0"
      pino-std-serializers "^7.0.0"
      process-warning "^5.0.0"
      quick-format-unescaped "^4.0.3"
      real-require "^0.2.0"
      safe-stable-stringify "^2.3.1"
      sonic-boom "^4.0.1"
      thread-stream "^3.0.0"
  
  prisma@^6.12.0:
    version "6.12.0"
    resolved "https://registry.npmjs.org/prisma/-/prisma-6.12.0.tgz"
    dependencies:
      "@prisma/config" "6.12.0"
      "@prisma/engines" "6.12.0"
  
  process-warning@^4.0.0:
    version "4.0.1"
    resolved "https://registry.npmjs.org/process-warning/-/process-warning-4.0.1.tgz"
  
  process-warning@^5.0.0:
    version "5.0.0"
    resolved "https://registry.npmjs.org/process-warning/-/process-warning-5.0.0.tgz"
  
  quick-format-unescaped@^4.0.3:
    version "4.0.4"
    resolved "https://registry.npmjs.org/quick-format-unescaped/-/quick-format-unescaped-4.0.4.tgz"
  
  real-require@^0.2.0:
    version "0.2.0"
    resolved "https://registry.npmjs.org/real-require/-/real-require-0.2.0.tgz"
  
  require-from-string@^2.0.2:
    version "2.0.2"
    resolved "https://registry.npmjs.org/require-from-string/-/require-from-string-2.0.2.tgz"
  
  resolve-pkg-maps@^1.0.0:
    version "1.0.0"
    resolved "https://registry.npmjs.org/resolve-pkg-maps/-/resolve-pkg-maps-1.0.0.tgz"
  
  ret@~0.5.0:
    version "0.5.0"
    resolved "https://registry.npmjs.org/ret/-/ret-0.5.0.tgz"
  
  reusify@^1.0.4:
    version "1.1.0"
    resolved "https://registry.npmjs.org/reusify/-/reusify-1.1.0.tgz"
  
  rfdc@^1.2.0, rfdc@^1.3.1:
    version "1.4.1"
    resolved "https://registry.npmjs.org/rfdc/-/rfdc-1.4.1.tgz"
  
  safe-buffer@5.2.1:
    version "5.2.1"
    resolved "https://registry.yarnpkg.com/safe-buffer/-/safe-buffer-5.2.1.tgz#1eaf9fa9bdb1fdd4ec75f58f9cdb4e6b7827eec6"
  
  safe-regex2@^5.0.0:
    version "5.0.0"
    resolved "https://registry.npmjs.org/safe-regex2/-/safe-regex2-5.0.0.tgz"
    dependencies:
      ret "~0.5.0"
  
  safe-stable-stringify@^2.3.1:
    version "2.5.0"
    resolved "https://registry.npmjs.org/safe-stable-stringify/-/safe-stable-stringify-2.5.0.tgz"
  
  secure-json-parse@^4.0.0:
    version "4.0.0"
    resolved "https://registry.npmjs.org/secure-json-parse/-/secure-json-parse-4.0.0.tgz"
  
  semver@^7.6.0:
    version "7.7.2"
    resolved "https://registry.npmjs.org/semver/-/semver-7.7.2.tgz"
  
  set-cookie-parser@^2.6.0:
    version "2.7.1"
    resolved "https://registry.npmjs.org/set-cookie-parser/-/set-cookie-parser-2.7.1.tgz"
  
  setprototypeof@1.2.0:
    version "1.2.0"
    resolved "https://registry.yarnpkg.com/setprototypeof/-/setprototypeof-1.2.0.tgz#66c9a24a73f9fc28cbe66b09fed3d33dcaf1b424"
  
  shebang-command@^2.0.0:
    version "2.0.0"
    resolved "https://registry.yarnpkg.com/shebang-command/-/shebang-command-2.0.0.tgz#ccd0af4f8835fbdc265b82461aaf0c36663f34ea"
    dependencies:
      shebang-regex "^3.0.0"
  
  shebang-regex@^3.0.0:
    version "3.0.0"
    resolved "https://registry.yarnpkg.com/shebang-regex/-/shebang-regex-3.0.0.tgz#ae16f1644d873ecad843b0307b143362d4c42172"
  
  signal-exit@^4.0.1:
    version "4.1.0"
    resolved "https://registry.yarnpkg.com/signal-exit/-/signal-exit-4.1.0.tgz#952188c1cbd546070e2dd20d0f41c0ae0530cb04"
  
  sonic-boom@^4.0.1:
    version "4.2.0"
    resolved "https://registry.npmjs.org/sonic-boom/-/sonic-boom-4.2.0.tgz"
    dependencies:
      atomic-sleep "^1.0.0"
  
  split2@^4.0.0:
    version "4.2.0"
    resolved "https://registry.npmjs.org/split2/-/split2-4.2.0.tgz"
  
  statuses@2.0.1:
    version "2.0.1"
    resolved "https://registry.yarnpkg.com/statuses/-/statuses-2.0.1.tgz#55cb000ccf1d48728bd23c685a063998cf1a1b63"
  
  "string-width-cjs@npm:string-width@^4.2.0", string-width@^4.1.0:
    name string-width-cjs
    version "4.2.3"
    resolved "https://registry.yarnpkg.com/string-width/-/string-width-4.2.3.tgz#269c7117d27b05ad2e536830a8ec895ef9c6d010"
    dependencies:
      emoji-regex "^8.0.0"
      is-fullwidth-code-point "^3.0.0"
      strip-ansi "^6.0.1"
  
  string-width@^5.0.1, string-width@^5.1.2:
    version "5.1.2"
    resolved "https://registry.yarnpkg.com/string-width/-/string-width-5.1.2.tgz#14f8daec6d81e7221d2a357e668cab73bdbca794"
    dependencies:
      eastasianwidth "^0.2.0"
      emoji-regex "^9.2.2"
      strip-ansi "^7.0.1"
  
  "strip-ansi-cjs@npm:strip-ansi@^6.0.1", strip-ansi@^6.0.0, strip-ansi@^6.0.1:
    name strip-ansi-cjs
    version "6.0.1"
    resolved "https://registry.yarnpkg.com/strip-ansi/-/strip-ansi-6.0.1.tgz#9e26c63d30f53443e9489495b2105d37b67a85d9"
    dependencies:
      ansi-regex "^5.0.1"
  
  strip-ansi@^7.0.1:
    version "7.1.0"
    resolved "https://registry.yarnpkg.com/strip-ansi/-/strip-ansi-7.1.0.tgz#d5b6568ca689d8561370b0707685d22434faff45"
    dependencies:
      ansi-regex "^6.0.1"
  
  thread-stream@^3.0.0:
    version "3.1.0"
    resolved "https://registry.npmjs.org/thread-stream/-/thread-stream-3.1.0.tgz"
    dependencies:
      real-require "^0.2.0"
  
  toad-cache@^3.7.0:
    version "3.7.0"
    resolved "https://registry.npmjs.org/toad-cache/-/toad-cache-3.7.0.tgz"
  
  toidentifier@1.0.1:
    version "1.0.1"
    resolved "https://registry.yarnpkg.com/toidentifier/-/toidentifier-1.0.1.tgz#3be34321a88a820ed1bd80dfaa33e479fbb8dd35"
  
  tsx@^4.20.3:
    version "4.20.3"
    resolved "https://registry.npmjs.org/tsx/-/tsx-4.20.3.tgz"
    dependencies:
      esbuild "~0.25.0"
      get-tsconfig "^4.7.5"
    optionalDependencies:
      fsevents "~2.3.3"
  
  typescript@^5.8.3:
    version "5.8.3"
    resolved "https://registry.npmjs.org/typescript/-/typescript-5.8.3.tgz"
  
  undici-types@~7.8.0:
    version "7.8.0"
    resolved "https://registry.npmjs.org/undici-types/-/undici-types-7.8.0.tgz"
  
  which@^2.0.1:
    version "2.0.2"
    resolved "https://registry.yarnpkg.com/which/-/which-2.0.2.tgz#7c6a8dd0a636a0327e10b59c9286eee93f3f51b1"
    dependencies:
      isexe "^2.0.0"
  
  "wrap-ansi-cjs@npm:wrap-ansi@^7.0.0":
    version "7.0.0"
    resolved "https://registry.yarnpkg.com/wrap-ansi/-/wrap-ansi-7.0.0.tgz#67e145cff510a6a6984bdf1152911d69d2eb9e43"
    dependencies:
      ansi-styles "^4.0.0"
      string-width "^4.1.0"
      strip-ansi "^6.0.0"
  
  wrap-ansi@^8.1.0:
    version "8.1.0"
    resolved "https://registry.yarnpkg.com/wrap-ansi/-/wrap-ansi-8.1.0.tgz#56dc22368ee570face1b49819975d9b9a5ead214"
    dependencies:
      ansi-styles "^6.1.0"
      string-width "^5.0.1"
      strip-ansi "^7.0.1"
  
  zod@^4.0.5:
    version "4.0.5"
    resolved "https://registry.yarnpkg.com/zod/-/zod-4.0.5.tgz#b47825f318e7884d94bcd6f5385a1de805ccfb1c"

Trace: 
  AggregateError [ETIMEDOUT]: 
      at internalConnectMultiple (node:net:1139:18)
      at afterConnectMultiple (node:net:1714:7)
